[08:55:28] [Client thread/WARN]: Skipping bad option: key_key.pickItem:key.mouse.middle
[08:55:28] [Client thread/WARN]: Skipping bad option: key_key.playerlist:key.keyboard.tab
[08:55:28] [Client thread/WARN]: Skipping bad option: key_key.advancements:key.keyboard.l
[08:55:28] [Client thread/WARN]: Skipping bad option: key_key.hotbar.5:key.keyboard.5
[08:55:28] [Client thread/WARN]: Skipping bad option: key_key.hotbar.6:key.keyboard.6
[08:55:28] [Client thread/WARN]: Skipping bad option: key_key.hotbar.7:key.keyboard.7
[08:55:28] [Client thread/WARN]: Skipping bad option: key_key.hotbar.8:key.keyboard.8
[08:55:28] [Client thread/WARN]: Skipping bad option: key_key.hotbar.1:key.keyboard.1
[08:55:28] [Client thread/WARN]: Skipping bad option: key_key.hotbar.2:key.keyboard.2
[08:55:28] [Client thread/WARN]: Skipping bad option: key_key.hotbar.3:key.keyboard.3
[08:55:28] [Client thread/WARN]: Skipping bad option: key_key.hotbar.4:key.keyboard.4
[08:55:28] [Client thread/WARN]: Skipping bad option: key_key.sprint:key.keyboard.left.control
[08:55:28] [Client thread/WARN]: Skipping bad option: key_key.forward:key.keyboard.w
[08:55:28] [Client thread/WARN]: Skipping bad option: key_key.drop:key.keyboard.q
[08:55:28] [Client thread/WARN]: Skipping bad option: key_key.back:key.keyboard.s
[08:55:28] [Client thread/WARN]: Skipping bad option: key_key.attack:key.mouse.left
[08:55:28] [Client thread/WARN]: Skipping bad option: key_key.use:key.mouse.right
[08:55:28] [Client thread/WARN]: Skipping bad option: key_key.saveToolbarActivator:key.keyboard.c
[08:55:28] [Client thread/WARN]: Skipping bad option: key_key.smoothCamera:key.keyboard.unknown
[08:55:28] [Client thread/WARN]: Skipping bad option: key_key.right:key.keyboard.d
[08:55:28] [Client thread/WARN]: Skipping bad option: key_key.jump:key.keyboard.space
[08:55:28] [Client thread/WARN]: Skipping bad option: key_key.sneak:key.keyboard.left.shift
[08:55:28] [Client thread/WARN]: Skipping bad option: key_key.spectatorOutlines:key.keyboard.unknown
[08:55:28] [Client thread/WARN]: Skipping bad option: key_key.left:key.keyboard.a
[08:55:28] [Client thread/WARN]: Skipping bad option: key_key.command:key.keyboard.slash
[08:55:28] [Client thread/WARN]: Skipping bad option: key_key.screenshot:key.keyboard.f2
[08:55:28] [Client thread/WARN]: Skipping bad option: key_key.hotbar.9:key.keyboard.9
[08:55:28] [Client thread/WARN]: Skipping bad option: key_key.togglePerspective:key.keyboard.f5
[08:55:28] [Client thread/WARN]: Skipping bad option: key_key.chat:key.keyboard.t
[08:55:28] [Client thread/WARN]: Skipping bad option: key_key.inventory:key.keyboard.e
[08:55:28] [Client thread/WARN]: Skipping bad option: key_key.fullscreen:key.keyboard.f11
[08:55:28] [Client thread/WARN]: Skipping bad option: key_key.loadToolbarActivator:key.keyboard.x
[08:55:28] [Client thread/WARN]: Skipping bad option: key_key.swapHands:key.keyboard.f
[08:55:28] [Client thread/INFO]: LWJGL Version: 2.9.4
[08:55:28] [Client thread/INFO]: Reloading ResourceManager: Default
[08:55:40] [Sound Library Loader/INFO]: Starting up SoundSystem...
[08:55:40] [Thread-3/INFO]: Initializing LWJGL OpenAL
[08:55:40] [Thread-3/INFO]: (The LWJGL binding of OpenAL.  For more information, see http://www.lwjgl.org)
[08:55:40] [Thread-3/INFO]: OpenAL initialized.
[08:55:40] [Sound Library Loader/INFO]: Sound engine started
[08:55:45] [Client thread/INFO]: Created: 1024x512 textures-atlas
[08:55:48] [Client thread/INFO]: Narrator library for x64 successfully loaded
